<?xml version="1.0" encoding="UTF-8"?>
<testng-results ignored="0" total="1" passed="1" failed="0" skipped="0">
  <reporter-output>
  </reporter-output>
  <suite started-at="2022-12-13T14:42:45Z" name="All Test Suite" finished-at="2022-12-13T14:42:48Z" duration-ms="2553">
    <groups>
    </groups>
    <test started-at="2022-12-13T14:42:45Z" name="C:/DEV/MiniProjetPom/src/test/java/TestsPOM/Test1.java" finished-at="2022-12-13T14:42:48Z" duration-ms="2553">
      <class name="TestsPOM.Test1">
        <test-method is-config="true" signature="monBefore()[pri:0, instance:TestsPOM.Test1@55fe41ea]" started-at="2022-12-13T14:42:45Z" name="monBefore" finished-at="2022-12-13T14:42:47Z" duration-ms="2057" status="PASS">
          <reporter-output>
          </reporter-output>
        </test-method> <!-- monBefore -->
        <test-method signature="test()[pri:0, instance:TestsPOM.Test1@55fe41ea]" started-at="2022-12-13T14:42:47Z" name="test" finished-at="2022-12-13T14:42:47Z" duration-ms="237" status="PASS">
          <reporter-output>
          </reporter-output>
        </test-method> <!-- test -->
        <test-method is-config="true" signature="monAfter()[pri:0, instance:TestsPOM.Test1@55fe41ea]" started-at="2022-12-13T14:42:47Z" name="monAfter" finished-at="2022-12-13T14:42:48Z" duration-ms="246" status="PASS">
          <reporter-output>
          </reporter-output>
        </test-method> <!-- monAfter -->
      </class> <!-- TestsPOM.Test1 -->
    </test> <!-- C:/DEV/MiniProjetPom/src/test/java/TestsPOM/Test1.java -->
  </suite> <!-- All Test Suite -->
</testng-results>
